Determining if the function sgemm_ exists failed with the following output:
Change Dir: /root/cpp-workspace/yield_curve_library/build/CMakeFiles/CMakeTmp

Run Build Command(s):/usr/bin/ninja cmTC_4dfe3 && [1/2] Building CXX object CMakeFiles/cmTC_4dfe3.dir/CheckFunctionExists.cxx.o
[2/2] Linking CXX executable cmTC_4dfe3
FAILED: cmTC_4dfe3 
: && /usr/bin/c++ -DCHECK_FUNCTION_EXISTS=sgemm_  CMakeFiles/cmTC_4dfe3.dir/CheckFunctionExists.cxx.o -o cmTC_4dfe3   && :
/usr/bin/ld: CMakeFiles/cmTC_4dfe3.dir/CheckFunctionExists.cxx.o: in function `main':
CheckFunctionExists.cxx:(.text+0x14): undefined reference to `sgemm_'
collect2: error: ld returned 1 exit status
ninja: build stopped: subcommand failed.



Determining if the function cheev_ exists failed with the following output:
Change Dir: /root/cpp-workspace/yield_curve_library/build/CMakeFiles/CMakeTmp

Run Build Command(s):/usr/bin/ninja cmTC_c2a44 && [1/2] Building CXX object CMakeFiles/cmTC_c2a44.dir/CheckFunctionExists.cxx.o
[2/2] Linking CXX executable cmTC_c2a44
FAILED: cmTC_c2a44 
: && /usr/bin/c++ -DCHECK_FUNCTION_EXISTS=cheev_  CMakeFiles/cmTC_c2a44.dir/CheckFunctionExists.cxx.o -o cmTC_c2a44  /usr/lib/x86_64-linux-gnu/libblas.so  -lm  -ldl && :
/usr/bin/ld: CMakeFiles/cmTC_c2a44.dir/CheckFunctionExists.cxx.o: in function `main':
CheckFunctionExists.cxx:(.text+0x14): undefined reference to `cheev_'
collect2: error: ld returned 1 exit status
ninja: build stopped: subcommand failed.



Determining if the function cheev_ exists failed with the following output:
Change Dir: /root/cpp-workspace/yield_curve_library/build/CMakeFiles/CMakeTmp

Run Build Command(s):/usr/bin/ninja cmTC_a1d65 && [1/2] Building CXX object CMakeFiles/cmTC_a1d65.dir/CheckFunctionExists.cxx.o
[2/2] Linking CXX executable cmTC_a1d65
FAILED: cmTC_a1d65 
: && /usr/bin/c++ -DCHECK_FUNCTION_EXISTS=cheev_  CMakeFiles/cmTC_a1d65.dir/CheckFunctionExists.cxx.o -o cmTC_a1d65  /usr/lib/x86_64-linux-gnu/liblapack.so  /usr/lib/x86_64-linux-gnu/libblas.so  -fortranlibs && :
c++: error: unrecognized command-line option ‘-fortranlibs’
ninja: build stopped: subcommand failed.



